build/app/intermediates/manifest_merge_blame_file/release/manifest-merger-blame-release-report.txt
1<?xml version="1.0" encoding="utf-8"?>
2<manifest xmlns:android="http://schemas.android.com/apk/res/android"
3    package="com.example.news_flutter_app"
4    android:versionCode="1"
5    android:versionName="1.0.0" >
6
7    <uses-sdk
8        android:minSdkVersion="19"
8-->src\main\AndroidManifest.xml
9        android:targetSdkVersion="31" />
9-->src\main\AndroidManifest.xml
10
11    <uses-permission android:name="android.permission.ACCESS_COARSE_LOCATION" />
11-->src\main\AndroidManifest.xml:3:5-80
11-->src\main\AndroidManifest.xml:3:22-78
12    <uses-permission android:name="android.permission.ACCESS_FINE_LOCATION" />
12-->src\main\AndroidManifest.xml:4:5-78
12-->src\main\AndroidManifest.xml:4:22-76
13    <uses-permission android:name="android.permission.ACCESS_BACKGROUND_LOCATION" />
13-->src\main\AndroidManifest.xml:5:5-84
13-->src\main\AndroidManifest.xml:5:22-82
14
15    <application
16        android:name="android.app.Application"
16-->src\main\AndroidManifest.xml:9:9-42
17        android:appComponentFactory="androidx.core.app.CoreComponentFactory"
17-->[androidx.core:core:1.6.0] AndroidManifest.xml:24:18-86
18        android:icon="@mipmap/ic_launcher"
18-->src\main\AndroidManifest.xml:10:9-43
19        android:label="news_flutter_app" >
19-->src\main\AndroidManifest.xml:8:9-41
20        <activity
20-->src\main\AndroidManifest.xml:11:9-31:20
21            android:name="com.example.news_flutter_app.MainActivity"
21-->src\main\AndroidManifest.xml:12:13-41
22            android:configChanges="orientation|keyboardHidden|keyboard|screenSize|smallestScreenSize|locale|layoutDirection|fontScale|screenLayout|density|uiMode"
22-->src\main\AndroidManifest.xml:16:13-163
23            android:exported="true"
23-->src\main\AndroidManifest.xml:13:13-36
24            android:hardwareAccelerated="true"
24-->src\main\AndroidManifest.xml:17:13-47
25            android:launchMode="singleTop"
25-->src\main\AndroidManifest.xml:14:13-43
26            android:theme="@style/LaunchTheme"
26-->src\main\AndroidManifest.xml:15:13-47
27            android:windowSoftInputMode="adjustResize" >
27-->src\main\AndroidManifest.xml:18:13-55
28
29            <!--
30                 Specifies an Android theme to apply to this Activity as soon as
31                 the Android process has started. This theme is visible to the user
32                 while the Flutter UI initializes. After that, this theme continues
33                 to determine the Window background behind the Flutter UI.
34            -->
35            <meta-data
35-->src\main\AndroidManifest.xml:23:13-26:17
36                android:name="io.flutter.embedding.android.NormalTheme"
36-->src\main\AndroidManifest.xml:24:15-70
37                android:resource="@style/NormalTheme" />
37-->src\main\AndroidManifest.xml:25:15-52
38
39            <intent-filter>
39-->src\main\AndroidManifest.xml:27:13-30:29
40                <action android:name="android.intent.action.MAIN" />
40-->src\main\AndroidManifest.xml:28:17-68
40-->src\main\AndroidManifest.xml:28:25-66
41
42                <category android:name="android.intent.category.LAUNCHER" />
42-->src\main\AndroidManifest.xml:29:17-76
42-->src\main\AndroidManifest.xml:29:27-74
43            </intent-filter>
44        </activity>
45        <!--
46             Don't delete the meta-data below.
47             This is used by the Flutter tool to generate GeneratedPluginRegistrant.java
48        -->
49        <meta-data
49-->src\main\AndroidManifest.xml:34:9-36:33
50            android:name="flutterEmbedding"
50-->src\main\AndroidManifest.xml:35:13-44
51            android:value="2" />
51-->src\main\AndroidManifest.xml:36:13-30
52
53        <uses-library
53-->[androidx.window:window:1.0.0-beta04] AndroidManifest.xml:25:9-27:40
54            android:name="androidx.window.extensions"
54-->[androidx.window:window:1.0.0-beta04] AndroidManifest.xml:26:13-54
55            android:required="false" />
55-->[androidx.window:window:1.0.0-beta04] AndroidManifest.xml:27:13-37
56        <uses-library
56-->[androidx.window:window:1.0.0-beta04] AndroidManifest.xml:28:9-30:40
57            android:name="androidx.window.sidecar"
57-->[androidx.window:window:1.0.0-beta04] AndroidManifest.xml:29:13-51
58            android:required="false" />
58-->[androidx.window:window:1.0.0-beta04] AndroidManifest.xml:30:13-37
59    </application>
60
61</manifest>